This is pdfTeX, Version 3.141592653-2.6-1.40.26 (MiKTeX 24.12) (preloaded format=pdflatex 2025.1.31)  31 JAN 2025 17:31
entering extended mode
 restricted \write18 enabled.
 file:line:error style messages enabled.
 %&-line parsing enabled.
**/home/carlos/Code/Machine_Learning_KESTD/report/machine_learning_report.tex
(/home/carlos/Code/Machine_Learning_KESTD/report/machine_learning_report.tex
LaTeX2e <2024-11-01> patch level 1
L3 programming layer <2024-12-25>
(/home/carlos/.miktex/texmfs/install/tex/latex/base/article.cls
Document Class: article 2024/06/29 v1.4n Standard LaTeX document class
(/home/carlos/.miktex/texmfs/install/tex/latex/base/size10.clo
File: size10.clo 2024/06/29 v1.4n Standard LaTeX file (size option)
)
\c@part=\count196
\c@section=\count197
\c@subsection=\count198
\c@subsubsection=\count199
\c@paragraph=\count266
\c@subparagraph=\count267
\c@figure=\count268
\c@table=\count269
\abovecaptionskip=\skip49
\belowcaptionskip=\skip50
\bibindent=\dimen141
) (/home/carlos/.miktex/texmfs/install/tex/latex/graphics/graphicx.sty
Package: graphicx 2021/09/16 v1.2d Enhanced LaTeX Graphics (DPC,SPQR)
 (/home/carlos/.miktex/texmfs/install/tex/latex/graphics/keyval.sty
Package: keyval 2022/05/29 v1.15 key=value parser (DPC)
\KV@toks@=\toks17
) (/home/carlos/.miktex/texmfs/install/tex/latex/graphics/graphics.sty
Package: graphics 2024/08/06 v1.4g Standard LaTeX Graphics (DPC,SPQR)
 (/home/carlos/.miktex/texmfs/install/tex/latex/graphics/trig.sty
Package: trig 2023/12/02 v1.11 sin cos tan (DPC)
) (/home/carlos/.miktex/texmfs/install/tex/latex/graphics-cfg/graphics.cfg
File: graphics.cfg 2016/06/04 v1.11 sample graphics configuration
)
Package graphics Info: Driver file: pdftex.def on input line 106.
 (/home/carlos/.miktex/texmfs/install/tex/latex/graphics-def/pdftex.def
File: pdftex.def 2024/04/13 v1.2c Graphics/color driver for pdftex
))
\Gin@req@height=\dimen142
\Gin@req@width=\dimen143
) (/home/carlos/.miktex/texmfs/install/tex/latex/tools/tabularx.sty
Package: tabularx 2023/12/11 v2.12a `tabularx' package (DPC)
 (/home/carlos/.miktex/texmfs/install/tex/latex/tools/array.sty
Package: array 2024/10/17 v2.6g Tabular extension package (FMi)
\col@sep=\dimen144
\ar@mcellbox=\box52
\extrarowheight=\dimen145
\NC@list=\toks18
\extratabsurround=\skip51
\backup@length=\skip52
\ar@cellbox=\box53
)
\TX@col@width=\dimen146
\TX@old@table=\dimen147
\TX@old@col=\dimen148
\TX@target=\dimen149
\TX@delta=\dimen150
\TX@cols=\count270
\TX@ftn=\toks19
) (/home/carlos/.miktex/texmfs/install/tex/latex/booktabs/booktabs.sty
Package: booktabs 2020/01/12 v1.61803398 Publication quality tables
\heavyrulewidth=\dimen151
\lightrulewidth=\dimen152
\cmidrulewidth=\dimen153
\belowrulesep=\dimen154
\belowbottomsep=\dimen155
\aboverulesep=\dimen156
\abovetopsep=\dimen157
\cmidrulesep=\dimen158
\cmidrulekern=\dimen159
\defaultaddspace=\dimen160
\@cmidla=\count271
\@cmidlb=\count272
\@aboverulesep=\dimen161
\@belowrulesep=\dimen162
\@thisruleclass=\count273
\@lastruleclass=\count274
\@thisrulewidth=\dimen163
) (/home/carlos/.miktex/texmfs/install/tex/latex/l3backend/l3backend-pdftex.def
File: l3backend-pdftex.def 2024-05-08 L3 backend support: PDF output (pdfTeX)
\l__color_backend_stack_int=\count275
\l__pdf_internal_box=\box54
) (machine_learning_report.aux)
\openout1 = `machine_learning_report.aux'.

LaTeX Font Info:    Checking defaults for OML/cmm/m/it on input line 14.
LaTeX Font Info:    ... okay on input line 14.
LaTeX Font Info:    Checking defaults for OMS/cmsy/m/n on input line 14.
LaTeX Font Info:    ... okay on input line 14.
LaTeX Font Info:    Checking defaults for OT1/cmr/m/n on input line 14.
LaTeX Font Info:    ... okay on input line 14.
LaTeX Font Info:    Checking defaults for T1/cmr/m/n on input line 14.
LaTeX Font Info:    ... okay on input line 14.
LaTeX Font Info:    Checking defaults for TS1/cmr/m/n on input line 14.
LaTeX Font Info:    ... okay on input line 14.
LaTeX Font Info:    Checking defaults for OMX/cmex/m/n on input line 14.
LaTeX Font Info:    ... okay on input line 14.
LaTeX Font Info:    Checking defaults for U/cmr/m/n on input line 14.
LaTeX Font Info:    ... okay on input line 14.
 (/home/carlos/.miktex/texmfs/install/tex/context/base/mkii/supp-pdf.mkii
[Loading MPS to PDF converter (version 2006.09.02).]
\scratchcounter=\count276
\scratchdimen=\dimen164
\scratchbox=\box55
\nofMPsegments=\count277
\nofMParguments=\count278
\everyMPshowfont=\toks20
\MPscratchCnt=\count279
\MPscratchDim=\dimen165
\MPnumerator=\count280
\makeMPintoPDFobject=\count281
\everyMPtoPDFconversion=\toks21
) (/home/carlos/.miktex/texmfs/install/tex/latex/epstopdf-pkg/epstopdf-base.sty
Package: epstopdf-base 2020-01-24 v2.11 Base part for package epstopdf
Package epstopdf-base Info: Redefining graphics rule for `.eps' on input line 485.
 (/home/carlos/.miktex/texmfs/install/tex/latex/00miktex/epstopdf-sys.cfg
File: epstopdf-sys.cfg 2021/03/18 v2.0 Configuration of epstopdf for MiKTeX
))
LaTeX Font Info:    External font `cmex10' loaded for size
(Font)              <12> on input line 15.
LaTeX Font Info:    External font `cmex10' loaded for size
(Font)              <8> on input line 15.
LaTeX Font Info:    External font `cmex10' loaded for size
(Font)              <6> on input line 15.


[1

{/home/carlos/.miktex/texmfs/data/fonts/map/pdftex/pdftex.map}]
Overfull \hbox (6.50072pt too wide) in paragraph at lines 28--32
\OT1/cmr/m/n/10 determinan la especificidad, afinidad y estabilidad del complejo molecular, adem^^Sas
 []


Overfull \hbox (1.2495pt too wide) in paragraph at lines 36--39
[]\OT1/cmr/m/n/10 La afinidad de uni^^Son (KD) se cuantifica experimentalmente mediante t^^Secnicas
 []


Overfull \hbox (2.1373pt too wide) in paragraph at lines 36--39
\OT1/cmr/m/n/10 como ITC (Calorimetr^^S^^Pa de Titulaci^^Son Isot^^Sermica), SPR (Resonancia de Plasm^^Son
 []



[2]
Overfull \hbox (2.33392pt too wide) in paragraph at lines 45--52
\OT1/cmr/m/n/10 permite mapear los epitopos de interacci^^Son sin requerir purificaci^^Son de la prote^^S^^Pna
 []


Underfull \hbox (badness 10000) in paragraph at lines 45--52

 []


Overfull \hbox (21.7784pt too wide) in paragraph at lines 45--52
\OT1/cmr/m/n/10 Por su parte RedMat (Reduced Matrix) es un enfoque computacional que correlaciona
 []


Overfull \hbox (14.30626pt too wide) in paragraph at lines 45--52
\OT1/cmr/m/n/10 afinidad, utilizando descriptores moleculares (cargas at^^Somicas, momentos dipolares)
 []



[3]

[4]
<data_example.png, id=22, 1911.14pt x 191.71625pt>
File: data_example.png Graphic file (type png)
<use data_example.png>
Package pdftex.def Info: data_example.png  used on input line 99.
(pdftex.def)             Requested size: 341.43306pt x 34.25pt.

Overfull \hbox (3.93584pt too wide) in paragraph at lines 103--105
\OT1/cmr/m/n/10 categ^^Soricos que fueron transformados usando one-hot encoder. Tambi^^Sen ten^^S^^Pamos
 []



[5 <./data_example.png>]
Overfull \hbox (15.72284pt too wide) in paragraph at lines 114--117
[]\OT1/cmr/m/n/10 Dentro de nuestro grafo, se implement^^So una capa lineal encargada de transformar
 []


Overfull \hbox (0.97281pt too wide) in paragraph at lines 114--117
\OT1/cmr/m/n/10 capas HeteroConvolucionales, encargadas de mezclar (mediante suma) las salidas
 []



[6]
Overfull \hbox (3.52838pt too wide) in paragraph at lines 150--151
[]\OT1/cmr/m/n/10 Uso de embeddings posicionales para capturar mejor la estructura tridimen-
 []


Overfull \hbox (29.6673pt too wide) in paragraph at lines 152--153
[]\OT1/cmr/m/n/10 Experimentaci^^Son con m^^Sas arquitecturas de GNN, como GATConv o GraphSAGE,
 []


Overfull \hbox (32.30627pt too wide) in paragraph at lines 166--169
\OT1/cmr/m/n/10 En la mayor^^S^^Pa de los experimentos, Gradient Boosting (HistGradientBoostingRegressor)
 []


Overfull \hbox (9.95905pt too wide) in paragraph at lines 172--173
[]\OT1/cmr/m/n/10 Optimizaci^^Son manual de hiperpar^^Sametros de Gradient Boosting para mejorar
 []


Overfull \hbox (15.61166pt too wide) in paragraph at lines 174--175
[]\OT1/cmr/m/n/10 Probar t^^Secnicas de selecci^^Son de caracter^^S^^Psticas para reducir la dimensionalidad. 
 []



[7]

[8]
LaTeX Font Info:    External font `cmex10' loaded for size
(Font)              <7> on input line 189.
LaTeX Font Info:    External font `cmex10' loaded for size
(Font)              <5> on input line 189.


[9]
<result.jpg, id=51, 448.074pt x 341.47575pt>
File: result.jpg Graphic file (type jpg)
<use result.jpg>
Package pdftex.def Info: result.jpg  used on input line 223.
(pdftex.def)             Requested size: 341.43306pt x 260.20683pt.


[10 <./result.jpg>]
Underfull \hbox (badness 10000) in paragraph at lines 259--259
[]|\OT1/cmr/bx/n/9 Gradient
 []


Underfull \hbox (badness 1342) in paragraph at lines 259--259
\OT1/cmr/bx/n/9 Boosting (98%)
 []


Underfull \hbox (badness 2261) in paragraph at lines 259--259
\OT1/cmr/bx/n/9 + Extra Trees
 []


Underfull \hbox (badness 10000) in paragraph at lines 259--259
[]|\OT1/cmr/m/n/9 Solo encuentra
 []


Underfull \hbox (badness 10000) in paragraph at lines 259--259
\OT1/cmr/bx/n/9 Gradient
 []


Underfull \hbox (badness 10000) in paragraph at lines 259--259
[]|\OT1/cmr/bx/n/9 Gradient
 []


Underfull \hbox (badness 10000) in paragraph at lines 259--259
\OT1/cmr/bx/n/9 Gradient
 []


Underfull \hbox (badness 10000) in paragraph at lines 259--259
[]|\OT1/cmr/bx/n/9 Gradient
 []


Underfull \hbox (badness 10000) in paragraph at lines 259--259
[]|\OT1/cmr/m/n/9 Aumentar
 []


Underfull \hbox (badness 10000) in paragraph at lines 259--259
\OT1/cmr/m/n/9 tiempo mejora
 []


Underfull \hbox (badness 10000) in paragraph at lines 259--259
\OT1/cmr/m/n/9 el rendimiento
 []


Underfull \hbox (badness 10000) in paragraph at lines 259--259
[]|\OT1/cmr/bx/n/9 Gradient
 []


Underfull \hbox (badness 10000) in paragraph at lines 259--259
[]|\OT1/cmr/m/n/9 Eliminaci^^Son
 []


Underfull \hbox (badness 10000) in paragraph at lines 259--259
\OT1/cmr/m/n/9 de columnas
 []


Underfull \hbox (badness 10000) in paragraph at lines 259--259
\OT1/cmr/m/n/9 no impact^^So
 []


Underfull \hbox (badness 10000) in paragraph at lines 259--259
[]|\OT1/cmr/bx/n/9 Gradient
 []


Underfull \hbox (badness 10000) in paragraph at lines 259--259
[]|\OT1/cmr/m/n/9 Uso de valor
 []


Underfull \hbox (badness 10000) in paragraph at lines 259--259
\OT1/cmr/m/n/9 extremo para
 []


Underfull \hbox (badness 1360) in paragraph at lines 259--259
[]|\OT1/cmr/bx/n/9 KNN (55%) +
 []


Underfull \hbox (badness 10000) in paragraph at lines 259--259
\OT1/cmr/bx/n/9 Decision Tree
 []


Underfull \hbox (badness 1776) in paragraph at lines 259--259
\OT1/cmr/bx/n/9 (40%) + ARD
 []


Underfull \hbox (badness 10000) in paragraph at lines 259--259
[]|\OT1/cmr/bx/n/9 Sin
 []


Underfull \hbox (badness 10000) in paragraph at lines 259--259
\OT1/cmr/bx/n/9 metalearning
 []


Underfull \hbox (badness 10000) in paragraph at lines 259--259
\OT1/cmr/bx/n/9 favorece m^^Sas
 []



[11]
Overfull \hbox (3.02724pt too wide) in paragraph at lines 281--284
\OT1/cmr/m/n/10 experimentales pero los valores STD y las posiciones de los ligandos son generados
 []



[12] (machine_learning_report.bbl)

[13] (machine_learning_report.aux)
 ***********
LaTeX2e <2024-11-01> patch level 1
L3 programming layer <2024-12-25>
 ***********
 ) 
Here is how much of TeX's memory you used:
 1565 strings out of 475473
 25978 string characters out of 5766891
 415212 words of memory out of 5000000
 24560 multiletter control sequences out of 15000+600000
 565334 words of font info for 57 fonts, out of 8000000 for 9000
 0 hyphenation exceptions out of 8191
 57i,11n,65p,323b,332s stack positions out of 10000i,1000n,20000p,200000b,200000s
 </home/carlos/.miktex/texmfs/data/fonts/pk/ljfour/public/cm/dpi600/cmti10.pk> </home/carlos/.miktex/texmfs/data/fonts/pk/ljfour/jknappen/ec/dpi600/tcbx0900.pk> </home/carlos/.miktex/texmfs/data/fonts/pk/ljfour/public/cm/dpi600/cmr5.pk> </home/carlos/.miktex/texmfs/data/fonts/pk/ljfour/public/cm/dpi600/cmsy5.pk> </home/carlos/.miktex/texmfs/data/fonts/pk/ljfour/public/cm/dpi600/cmmi5.pk> </home/carlos/.miktex/texmfs/data/fonts/pk/ljfour/public/cm/dpi600/cmmi7.pk> </home/carlos/.miktex/texmfs/data/fonts/pk/ljfour/public/cm/dpi600/cmex10.pk> </home/carlos/.miktex/texmfs/data/fonts/pk/ljfour/public/cm/dpi600/cmsy10.pk> </home/carlos/.miktex/texmfs/data/fonts/pk/ljfour/public/cm/dpi600/cmsy7.pk> </home/carlos/.miktex/texmfs/data/fonts/pk/ljfour/public/cm/dpi600/cmr7.pk> </home/carlos/.miktex/texmfs/data/fonts/pk/ljfour/public/cm/dpi600/cmmi10.pk> </home/carlos/.miktex/texmfs/data/fonts/pk/ljfour/public/cm/dpi600/cmbx10.pk> </home/carlos/.miktex/texmfs/data/fonts/pk/ljfour/jknappen/ec/dpi600/tcrm1000.pk> </home/carlos/.miktex/texmfs/data/fonts/pk/ljfour/public/cm/dpi600/cmbx12.pk> </home/carlos/.miktex/texmfs/data/fonts/pk/ljfour/public/cm/dpi720/cmbx12.pk> </home/carlos/.miktex/texmfs/data/fonts/pk/ljfour/public/cm/dpi600/cmr10.pk> </home/carlos/.miktex/texmfs/data/fonts/pk/ljfour/public/cm/dpi600/cmr9.pk> </home/carlos/.miktex/texmfs/data/fonts/pk/ljfour/public/cm/dpi600/cmbx9.pk> </home/carlos/.miktex/texmfs/data/fonts/pk/ljfour/public/cm/dpi600/cmr12.pk> </home/carlos/.miktex/texmfs/data/fonts/pk/ljfour/public/cm/dpi600/cmr17.pk>
Output written on machine_learning_report.pdf (13 pages, 246861 bytes).
PDF statistics:
 532 PDF objects out of 1000 (max. 8388607)
 0 named destinations out of 1000 (max. 500000)
 11 words of extra memory for PDF output out of 10000 (max. 10000000)

